<?xml version="1.0" encoding="UTF-8" ?>
<testsuite tests="1" failures="0" name="sag.SmartGrid.AppTest" time="0" errors="0" skipped="0">
  <properties>
    <property name="java.runtime.name" value="Java(TM) SE Runtime Environment"/>
    <property name="sun.boot.library.path" value="D:\Programy\Java\jdk1.8.0_102\jre\bin"/>
    <property name="java.vm.version" value="25.102-b14"/>
    <property name="java.vm.vendor" value="Oracle Corporation"/>
    <property name="maven.multiModuleProjectDirectory" value="D:\GitHub\SAG\trunk\SmartGrid"/>
    <property name="java.vendor.url" value="http://java.oracle.com/"/>
    <property name="path.separator" value=";"/>
    <property name="guice.disable.misplaced.annotation.check" value="true"/>
    <property name="java.vm.name" value="Java HotSpot(TM) 64-Bit Server VM"/>
    <property name="file.encoding.pkg" value="sun.io"/>
    <property name="user.script" value=""/>
    <property name="user.country" value="PL"/>
    <property name="sun.java.launcher" value="SUN_STANDARD"/>
    <property name="sun.os.patch.level" value="Service Pack 1"/>
    <property name="java.vm.specification.name" value="Java Virtual Machine Specification"/>
    <property name="user.dir" value="D:\GitHub\SAG\trunk\SmartGrid"/>
    <property name="java.runtime.version" value="1.8.0_102-b14"/>
    <property name="java.awt.graphicsenv" value="sun.awt.Win32GraphicsEnvironment"/>
    <property name="java.endorsed.dirs" value="D:\Programy\Java\jdk1.8.0_102\jre\lib\endorsed"/>
    <property name="os.arch" value="amd64"/>
    <property name="java.io.tmpdir" value="C:\Users\TK\AppData\Local\Temp\"/>
    <property name="line.separator" value="
"/>
    <property name="java.vm.specification.vendor" value="Oracle Corporation"/>
    <property name="user.variant" value=""/>
    <property name="os.name" value="Windows 7"/>
    <property name="classworlds.conf" value="D:\EclipseWorkspace\eclipse_test\.metadata\.plugins\org.eclipse.m2e.launching\launches\m2conf6802039156789110510.tmp"/>
    <property name="sun.jnu.encoding" value="Cp1250"/>
    <property name="java.library.path" value="D:\Programy\Java\jdk1.8.0_102\bin;C:\Windows\Sun\Java\bin;C:\Windows\system32;C:\Windows;D:/Programy/Java/jre1.8.0_102/bin/server;D:/Programy/Java/jre1.8.0_102/bin;D:/Programy/Java/jre1.8.0_102/lib/amd64;C:\Program Files\Haskell\bin;D:\Programy\HaskellPlatform\8.2.2\lib\extralibs\bin;D:\Programy\HaskellPlatform\8.2.2\bin;D:\Programy\MPI\mpich2\bin;C:\ProgramData\Oracle\Java\javapath;C:\Program Files (x86)\Intel\iCLS Client\;C:\Program Files\Intel\iCLS Client\;C:\Windows\system32;C:\Windows;C:\Windows\System32\Wbem;C:\Windows\System32\WindowsPowerShell\v1.0\;C:\Program Files\Intel\Intel(R) Management Engine Components\DAL;C:\Program Files\Intel\Intel(R) Management Engine Components\IPT;C:\Program Files (x86)\Intel\Intel(R) Management Engine Components\DAL;C:\Program Files (x86)\Intel\Intel(R) Management Engine Components\IPT;C:\Program Files (x86)\NVIDIA Corporation\PhysX\Common;D:\Programy\Apache\apache-storm-1.2.1\bin;D:\Programy\Java\jdk1.8.0_102\bin;D:\Programy\MATLAB\runtime\win64;D:\Programy\MATLAB\bin;D:\Programy\MinGW\mingw64\bin;D:\Programy\LaTeX\MiKTeX\miktex\bin\x64\;D:\Programy\TortoiseSVN\bin;D:\Programy\Git\cmd;D:\Programy\Apache\apache-maven-3.5.2\bin;D:\Programy\HaskellPlatform\8.2.2\mingw\bin;C:\Program Files\dotnet\;C:\Program Files\Microsoft SQL Server\130\Tools\Binn\;C:\Users\TK\AppData\Roaming\cabal\bin;D:\Programy\HaskellPlatform\8.2.2\bin;D:\Programy\Python\Python35\Scripts\;D:\Programy\Python\Python35\;D:\Programy\Docker Toolbox;D:\Programy\Eclipse\eclipse_java;;."/>
    <property name="java.specification.name" value="Java Platform API Specification"/>
    <property name="java.class.version" value="52.0"/>
    <property name="sun.management.compiler" value="HotSpot 64-Bit Tiered Compilers"/>
    <property name="os.version" value="6.1"/>
    <property name="user.home" value="C:\Users\TK"/>
    <property name="user.timezone" value="Europe/Belgrade"/>
    <property name="java.awt.printerjob" value="sun.awt.windows.WPrinterJob"/>
    <property name="java.specification.version" value="1.8"/>
    <property name="file.encoding" value="Cp1250"/>
    <property name="user.name" value="TK"/>
    <property name="java.class.path" value="/D:/Programy/Eclipse/eclipse_java/plugins/org.eclipse.m2e.maven.runtime_1.7.0.20160603-1931/jars/plexus-classworlds-2.5.2.jar"/>
    <property name="java.vm.specification.version" value="1.8"/>
    <property name="sun.arch.data.model" value="64"/>
    <property name="java.home" value="D:\Programy\Java\jdk1.8.0_102\jre"/>
    <property name="sun.java.command" value="org.codehaus.plexus.classworlds.launcher.Launcher -B clean install"/>
    <property name="java.specification.vendor" value="Oracle Corporation"/>
    <property name="user.language" value="pl"/>
    <property name="awt.toolkit" value="sun.awt.windows.WToolkit"/>
    <property name="java.vm.info" value="mixed mode"/>
    <property name="java.version" value="1.8.0_102"/>
    <property name="java.ext.dirs" value="D:\Programy\Java\jdk1.8.0_102\jre\lib\ext;C:\Windows\Sun\Java\lib\ext"/>
    <property name="sun.boot.class.path" value="D:\Programy\Java\jdk1.8.0_102\jre\lib\resources.jar;D:\Programy\Java\jdk1.8.0_102\jre\lib\rt.jar;D:\Programy\Java\jdk1.8.0_102\jre\lib\sunrsasign.jar;D:\Programy\Java\jdk1.8.0_102\jre\lib\jsse.jar;D:\Programy\Java\jdk1.8.0_102\jre\lib\jce.jar;D:\Programy\Java\jdk1.8.0_102\jre\lib\charsets.jar;D:\Programy\Java\jdk1.8.0_102\jre\lib\jfr.jar;D:\Programy\Java\jdk1.8.0_102\jre\classes"/>
    <property name="java.vendor" value="Oracle Corporation"/>
    <property name="maven.home" value="D:\GitHub\SAG\trunk\SmartGrid\EMBEDDED"/>
    <property name="file.separator" value="\"/>
    <property name="java.vendor.url.bug" value="http://bugreport.sun.com/bugreport/"/>
    <property name="sun.cpu.endian" value="little"/>
    <property name="sun.io.unicode.encoding" value="UnicodeLittle"/>
    <property name="sun.desktop" value="windows"/>
    <property name="sun.cpu.isalist" value="amd64"/>
  </properties>
  <testcase classname="sag.SmartGrid.AppTest" name="testApp" time="0"/>
</testsuite>